#
# There is insufficient memory for the Java Runtime Environment to continue.
# Native memory allocation (malloc) failed to allocate 51088 bytes for Chunk::new
# Possible reasons:
#   The system is out of physical RAM or swap space
#   In 32 bit mode, the process size limit was hit
# Possible solutions:
#   Reduce memory load on the system
#   Increase physical memory or swap space
#   Check if swap backing store is full
#   Use 64 bit Java on a 64 bit OS
#   Decrease Java heap size (-Xmx/-Xms)
#   Decrease number of Java threads
#   Decrease Java thread stack sizes (-Xss)
#   Set larger code cache with -XX:ReservedCodeCacheSize=
# This output file may be truncated or incomplete.
#
#  Out of Memory Error (allocation.cpp:390), pid=5960, tid=0x0000000000001cf8
#
# JRE version: Java(TM) SE Runtime Environment (8.0_131-b11) (build 1.8.0_131-b11)
# Java VM: Java HotSpot(TM) 64-Bit Server VM (25.131-b11 mixed mode windows-amd64 compressed oops)
# Failed to write core dump. Minidumps are not enabled by default on client versions of Windows
#

---------------  T H R E A D  ---------------

Current thread (0x0000000018df7800):  JavaThread "C2 CompilerThread0" daemon [_thread_in_native, id=7416, stack(0x00000000194c0000,0x00000000195c0000)]

Stack: [0x00000000194c0000,0x00000000195c0000]
[error occurred during error reporting (printing stack bounds), id 0xc0000005]

Native frames: (J=compiled Java code, j=interpreted, Vv=VM code, C=native code)


Current CompileTask:
C2:  19907 3954   !   4       java.net.URLClassLoader$1::run (63 bytes)


---------------  P R O C E S S  ---------------

Java Threads: ( => current thread )
  0x000000001a253800 JavaThread "Thread-2" [_thread_in_native, id=12060, stack(0x000000001f630000,0x000000001f730000)]
  0x000000001a3d3000 JavaThread "Thread-1" [_thread_in_native, id=3260, stack(0x000000001f530000,0x000000001f630000)]
  0x000000001a25c800 JavaThread "ThreadedStreamConsumer" [_thread_blocked, id=14208, stack(0x000000001f430000,0x000000001f530000)]
  0x0000000019b26800 JavaThread "resolver-4" daemon [_thread_blocked, id=13340, stack(0x000000001e2e0000,0x000000001e3e0000)]
  0x000000001c595800 JavaThread "resolver-3" daemon [_thread_blocked, id=15740, stack(0x000000001e1e0000,0x000000001e2e0000)]
  0x0000000019d1f000 JavaThread "resolver-2" daemon [_thread_blocked, id=4840, stack(0x000000001e0e0000,0x000000001e1e0000)]
  0x000000001abb7000 JavaThread "resolver-1" daemon [_thread_blocked, id=8104, stack(0x000000001cb60000,0x000000001cc60000)]
  0x0000000018e89800 JavaThread "Service Thread" daemon [_thread_blocked, id=3796, stack(0x00000000197c0000,0x00000000198c0000)]
  0x0000000018dfb000 JavaThread "C1 CompilerThread2" daemon [_thread_blocked, id=11128, stack(0x00000000196c0000,0x00000000197c0000)]
  0x0000000018dfa000 JavaThread "C2 CompilerThread1" daemon [_thread_in_native, id=12848, stack(0x00000000195c0000,0x00000000196c0000)]
=>0x0000000018df7800 JavaThread "C2 CompilerThread0" daemon [_thread_in_native, id=7416, stack(0x00000000194c0000,0x00000000195c0000)]
  0x0000000018dea800 JavaThread "Monitor Ctrl-Break" daemon [_thread_in_native, id=10088, stack(0x00000000193c0000,0x00000000194c0000)]
  0x0000000017a69800 JavaThread "Attach Listener" daemon [_thread_blocked, id=12144, stack(0x00000000192c0000,0x00000000193c0000)]
  0x0000000018dd0800 JavaThread "Signal Dispatcher" daemon [_thread_blocked, id=5984, stack(0x00000000191c0000,0x00000000192c0000)]
  0x00000000030be800 JavaThread "Finalizer" daemon [_thread_blocked, id=16272, stack(0x0000000018cc0000,0x0000000018dc0000)]
  0x00000000030b3800 JavaThread "Reference Handler" daemon [_thread_blocked, id=14932, stack(0x0000000018bc0000,0x0000000018cc0000)]
  0x0000000002dee000 JavaThread "main" [_thread_in_native, id=14400, stack(0x0000000002bf0000,0x0000000002cf0000)]

Other Threads:
  0x0000000017a37800 VMThread [stack: 0x0000000018ac0000,0x0000000018bc0000] [id=14792]
  0x0000000018ebe000 WatcherThread [stack: 0x00000000198c0000,0x00000000199c0000] [id=8252]

VM state:not at safepoint (normal execution)

VM Mutex/Monitor currently owned by a thread: None

Heap:
 PSYoungGen      total 68608K, used 24523K [0x00000000d6b80000, 0x00000000dce80000, 0x0000000100000000)
  eden space 58368K, 24% used [0x00000000d6b80000,0x00000000d7978f50,0x00000000da480000)
  from space 10240K, 99% used [0x00000000da480000,0x00000000dae79cd0,0x00000000dae80000)
  to   space 12800K, 0% used [0x00000000dc200000,0x00000000dc200000,0x00000000dce80000)
 ParOldGen       total 67072K, used 18283K [0x0000000084200000, 0x0000000088380000, 0x00000000d6b80000)
  object space 67072K, 27% used [0x0000000084200000,0x00000000853dae90,0x0000000088380000)
 Metaspace       used 23299K, capacity 23914K, committed 24192K, reserved 1071104K
  class space    used 2772K, capacity 2916K, committed 2944K, reserved 1048576K

Card table byte_map: [0x0000000012480000,0x0000000012860000] byte_map_base: 0x000000001205f000

Marking Bits: (ParMarkBitMap*) 0x000000006466c720
 Begin Bits: [0x0000000012f00000, 0x0000000014df8000)
 End Bits:   [0x0000000014df8000, 0x0000000016cf0000)

Polling page: 0x0000000000b50000

CodeCache: size=245760Kb used=12497Kb max_used=12511Kb free=233262Kb
 bounds [0x00000000030c0000, 0x0000000003d10000, 0x00000000120c0000]
 total_blobs=3860 nmethods=3464 adapters=308
 compilation: enabled

Compilation events (10 events):
Event: 15.852 Thread 0x0000000018dfa000 nmethod 3941 0x0000000003d025d0 code [0x0000000003d02740, 0x0000000003d02a28]
Event: 15.856 Thread 0x0000000018dfb000 3950       3       sun.nio.cs.StreamDecoder::<init> (64 bytes)
Event: 15.857 Thread 0x0000000018dfb000 nmethod 3950 0x0000000003cfc0d0 code [0x0000000003cfc280, 0x0000000003cfca58]
Event: 15.897 Thread 0x0000000018df7800 nmethod 3939 0x0000000003d05750 code [0x0000000003d05960, 0x0000000003d06b90]
Event: 18.769 Thread 0x0000000018dfb000 3951       1       java.util.concurrent.atomic.AtomicInteger::get (5 bytes)
Event: 18.769 Thread 0x0000000018dfb000 nmethod 3951 0x0000000003cfded0 code [0x0000000003cfe020, 0x0000000003cfe130]
Event: 18.769 Thread 0x0000000018dfb000 3952       3       org.apache.maven.surefire.util.internal.StringUtils::digit (33 bytes)
Event: 18.769 Thread 0x0000000018dfb000 nmethod 3952 0x0000000003cfbd10 code [0x0000000003cfbe60, 0x0000000003cfc030]
Event: 19.732 Thread 0x0000000018dfa000 3953       4       java.net.URLClassLoader$1::run (5 bytes)
Event: 19.732 Thread 0x0000000018df7800 3954   !   4       java.net.URLClassLoader$1::run (63 bytes)

GC Heap History (10 events):
Event: 7.176 GC heap before
{Heap before GC invocations=6 (full 0):
 PSYoungGen      total 36864K, used 36856K [0x00000000d6b80000, 0x00000000dbe80000, 0x0000000100000000)
  eden space 31744K, 100% used [0x00000000d6b80000,0x00000000d8a80000,0x00000000d8a80000)
  from space 5120K, 99% used [0x00000000d8a80000,0x00000000d8f7e050,0x00000000d8f80000)
  to   space 10752K, 0% used [0x00000000db400000,0x00000000db400000,0x00000000dbe80000)
 ParOldGen       total 84992K, used 12144K [0x0000000084200000, 0x0000000089500000, 0x00000000d6b80000)
  object space 84992K, 14% used [0x0000000084200000,0x0000000084ddc060,0x0000000089500000)
 Metaspace       used 16799K, capacity 17186K, committed 17280K, reserved 1064960K
  class space    used 2013K, capacity 2127K, committed 2176K, reserved 1048576K
Event: 7.190 GC heap after
Heap after GC invocations=6 (full 0):
 PSYoungGen      total 38912K, used 7522K [0x00000000d6b80000, 0x00000000dbb80000, 0x0000000100000000)
  eden space 31232K, 0% used [0x00000000d6b80000,0x00000000d6b80000,0x00000000d8a00000)
  from space 7680K, 97% used [0x00000000db400000,0x00000000dbb588e0,0x00000000dbb80000)
  to   space 10240K, 0% used [0x00000000da780000,0x00000000da780000,0x00000000db180000)
 ParOldGen       total 84992K, used 12152K [0x0000000084200000, 0x0000000089500000, 0x00000000d6b80000)
  object space 84992K, 14% used [0x0000000084200000,0x0000000084dde060,0x0000000089500000)
 Metaspace       used 16799K, capacity 17186K, committed 17280K, reserved 1064960K
  class space    used 2013K, capacity 2127K, committed 2176K, reserved 1048576K
}
Event: 9.222 GC heap before
{Heap before GC invocations=7 (full 0):
 PSYoungGen      total 38912K, used 38754K [0x00000000d6b80000, 0x00000000dbb80000, 0x0000000100000000)
  eden space 31232K, 100% used [0x00000000d6b80000,0x00000000d8a00000,0x00000000d8a00000)
  from space 7680K, 97% used [0x00000000db400000,0x00000000dbb588e0,0x00000000dbb80000)
  to   space 10240K, 0% used [0x00000000da780000,0x00000000da780000,0x00000000db180000)
 ParOldGen       total 84992K, used 12152K [0x0000000084200000, 0x0000000089500000, 0x00000000d6b80000)
  object space 84992K, 14% used [0x0000000084200000,0x0000000084dde060,0x0000000089500000)
 Metaspace       used 18581K, capacity 19020K, committed 19328K, reserved 1067008K
  class space    used 2211K, capacity 2336K, committed 2432K, reserved 1048576K
Event: 9.236 GC heap after
Heap after GC invocations=7 (full 0):
 PSYoungGen      total 37888K, used 6783K [0x00000000d6b80000, 0x00000000db480000, 0x0000000100000000)
  eden space 30720K, 0% used [0x00000000d6b80000,0x00000000d6b80000,0x00000000d8980000)
  from space 7168K, 94% used [0x00000000da780000,0x00000000dae1fdd0,0x00000000dae80000)
  to   space 6144K, 0% used [0x00000000dae80000,0x00000000dae80000,0x00000000db480000)
 ParOldGen       total 84992K, used 13964K [0x0000000084200000, 0x0000000089500000, 0x00000000d6b80000)
  object space 84992K, 16% used [0x0000000084200000,0x0000000084fa30e0,0x0000000089500000)
 Metaspace       used 18581K, capacity 19020K, committed 19328K, reserved 1067008K
  class space    used 2211K, capacity 2336K, committed 2432K, reserved 1048576K
}
Event: 9.532 GC heap before
{Heap before GC invocations=8 (full 0):
 PSYoungGen      total 37888K, used 16204K [0x00000000d6b80000, 0x00000000db480000, 0x0000000100000000)
  eden space 30720K, 30% used [0x00000000d6b80000,0x00000000d74b33b0,0x00000000d8980000)
  from space 7168K, 94% used [0x00000000da780000,0x00000000dae1fdd0,0x00000000dae80000)
  to   space 6144K, 0% used [0x00000000dae80000,0x00000000dae80000,0x00000000db480000)
 ParOldGen       total 84992K, used 13964K [0x0000000084200000, 0x0000000089500000, 0x00000000d6b80000)
  object space 84992K, 16% used [0x0000000084200000,0x0000000084fa30e0,0x0000000089500000)
 Metaspace       used 20761K, capacity 21164K, committed 21296K, reserved 1069056K
  class space    used 2506K, capacity 2624K, committed 2688K, reserved 1048576K
Event: 9.561 GC heap after
Heap after GC invocations=8 (full 0):
 PSYoungGen      total 64512K, used 4739K [0x00000000d6b80000, 0x00000000dbb80000, 0x0000000100000000)
  eden space 58368K, 0% used [0x00000000d6b80000,0x00000000d6b80000,0x00000000da480000)
  from space 6144K, 77% used [0x00000000dae80000,0x00000000db320e68,0x00000000db480000)
  to   space 10240K, 0% used [0x00000000da480000,0x00000000da480000,0x00000000dae80000)
 ParOldGen       total 84992K, used 16334K [0x0000000084200000, 0x0000000089500000, 0x00000000d6b80000)
  object space 84992K, 19% used [0x0000000084200000,0x00000000851f3910,0x0000000089500000)
 Metaspace       used 20761K, capacity 21164K, committed 21296K, reserved 1069056K
  class space    used 2506K, capacity 2624K, committed 2688K, reserved 1048576K
}
Event: 9.561 GC heap before
{Heap before GC invocations=9 (full 1):
 PSYoungGen      total 64512K, used 4739K [0x00000000d6b80000, 0x00000000dbb80000, 0x0000000100000000)
  eden space 58368K, 0% used [0x00000000d6b80000,0x00000000d6b80000,0x00000000da480000)
  from space 6144K, 77% used [0x00000000dae80000,0x00000000db320e68,0x00000000db480000)
  to   space 10240K, 0% used [0x00000000da480000,0x00000000da480000,0x00000000dae80000)
 ParOldGen       total 84992K, used 16334K [0x0000000084200000, 0x0000000089500000, 0x00000000d6b80000)
  object space 84992K, 19% used [0x0000000084200000,0x00000000851f3910,0x0000000089500000)
 Metaspace       used 20761K, capacity 21164K, committed 21296K, reserved 1069056K
  class space    used 2506K, capacity 2624K, committed 2688K, reserved 1048576K
Event: 9.789 GC heap after
Heap after GC invocations=9 (full 1):
 PSYoungGen      total 64512K, used 0K [0x00000000d6b80000, 0x00000000dbb80000, 0x0000000100000000)
  eden space 58368K, 0% used [0x00000000d6b80000,0x00000000d6b80000,0x00000000da480000)
  from space 6144K, 0% used [0x00000000dae80000,0x00000000dae80000,0x00000000db480000)
  to   space 10240K, 0% used [0x00000000da480000,0x00000000da480000,0x00000000dae80000)
 ParOldGen       total 67072K, used 15289K [0x0000000084200000, 0x0000000088380000, 0x00000000d6b80000)
  object space 67072K, 22% used [0x0000000084200000,0x00000000850ee688,0x0000000088380000)
 Metaspace       used 20761K, capacity 21164K, committed 21296K, reserved 1069056K
  class space    used 2506K, capacity 2624K, committed 2688K, reserved 1048576K
}
Event: 15.354 GC heap before
{Heap before GC invocations=10 (full 1):
 PSYoungGen      total 64512K, used 58368K [0x00000000d6b80000, 0x00000000dbb80000, 0x0000000100000000)
  eden space 58368K, 100% used [0x00000000d6b80000,0x00000000da480000,0x00000000da480000)
  from space 6144K, 0% used [0x00000000dae80000,0x00000000dae80000,0x00000000db480000)
  to   space 10240K, 0% used [0x00000000da480000,0x00000000da480000,0x00000000dae80000)
 ParOldGen       total 67072K, used 15289K [0x0000000084200000, 0x0000000088380000, 0x00000000d6b80000)
  object space 67072K, 22% used [0x0000000084200000,0x00000000850ee688,0x0000000088380000)
 Metaspace       used 22797K, capacity 23402K, committed 23680K, reserved 1071104K
  class space    used 2715K, capacity 2852K, committed 2944K, reserved 1048576K
Event: 15.375 GC heap after
Heap after GC invocations=10 (full 1):
 PSYoungGen      total 68608K, used 10215K [0x00000000d6b80000, 0x00000000dce80000, 0x0000000100000000)
  eden space 58368K, 0% used [0x00000000d6b80000,0x00000000d6b80000,0x00000000da480000)
  from space 10240K, 99% used [0x00000000da480000,0x00000000dae79cd0,0x00000000dae80000)
  to   space 12800K, 0% used [0x00000000dc200000,0x00000000dc200000,0x00000000dce80000)
 ParOldGen       total 67072K, used 18283K [0x0000000084200000, 0x0000000088380000, 0x00000000d6b80000)
  object space 67072K, 27% used [0x0000000084200000,0x00000000853dae90,0x0000000088380000)
 Metaspace       used 22797K, capacity 23402K, committed 23680K, reserved 1071104K
  class space    used 2715K, capacity 2852K, committed 2944K, reserved 1048576K
}

Deoptimization events (10 events):
Event: 15.837 Thread 0x0000000002dee000 Uncommon trap: reason=class_check action=maybe_recompile pc=0x00000000038a39c0 method=java.util.Collections$UnmodifiableMap$UnmodifiableEntrySet$UnmodifiableEntry.getKey()Ljava/lang/Object; @ 4
Event: 15.837 Thread 0x0000000002dee000 Uncommon trap: reason=class_check action=maybe_recompile pc=0x00000000038ab180 method=java.util.Collections$UnmodifiableMap$UnmodifiableEntrySet$UnmodifiableEntry.getValue()Ljava/lang/Object; @ 4
Event: 15.837 Thread 0x0000000002dee000 Uncommon trap: reason=class_check action=maybe_recompile pc=0x000000000385784c method=java.util.Collections$UnmodifiableMap$UnmodifiableEntrySet$1.hasNext()Z @ 4
Event: 15.837 Thread 0x0000000002dee000 Uncommon trap: reason=class_check action=maybe_recompile pc=0x00000000038a3d50 method=java.util.Collections$UnmodifiableMap$UnmodifiableEntrySet$1.next()Ljava/util/Map$Entry; @ 8
Event: 15.837 Thread 0x0000000002dee000 Uncommon trap: reason=class_check action=maybe_recompile pc=0x00000000038a39c0 method=java.util.Collections$UnmodifiableMap$UnmodifiableEntrySet$UnmodifiableEntry.getKey()Ljava/lang/Object; @ 4
Event: 15.837 Thread 0x0000000002dee000 Uncommon trap: reason=class_check action=maybe_recompile pc=0x00000000038ab180 method=java.util.Collections$UnmodifiableMap$UnmodifiableEntrySet$UnmodifiableEntry.getValue()Ljava/lang/Object; @ 4
Event: 15.837 Thread 0x0000000002dee000 Uncommon trap: reason=class_check action=maybe_recompile pc=0x000000000385784c method=java.util.Collections$UnmodifiableMap$UnmodifiableEntrySet$1.hasNext()Z @ 4
Event: 15.837 Thread 0x0000000002dee000 Uncommon trap: reason=class_check action=maybe_recompile pc=0x00000000038a3d50 method=java.util.Collections$UnmodifiableMap$UnmodifiableEntrySet$1.next()Ljava/util/Map$Entry; @ 8
Event: 15.837 Thread 0x0000000002dee000 Uncommon trap: reason=class_check action=maybe_recompile pc=0x00000000038a39c0 method=java.util.Collections$UnmodifiableMap$UnmodifiableEntrySet$UnmodifiableEntry.getKey()Ljava/lang/Object; @ 4
Event: 15.837 Thread 0x0000000002dee000 Uncommon trap: reason=class_check action=maybe_recompile pc=0x00000000038ab180 method=java.util.Collections$UnmodifiableMap$UnmodifiableEntrySet$UnmodifiableEntry.getValue()Ljava/lang/Object; @ 4

Internal exceptions (10 events):
Event: 3.052 Thread 0x0000000002dee000 Implicit null exception at 0x00000000033a22af to 0x00000000033a2319
Event: 3.401 Thread 0x0000000002dee000 Implicit null exception at 0x000000000377a50f to 0x000000000377aa31
Event: 4.127 Thread 0x0000000002dee000 Implicit null exception at 0x000000000391ed6d to 0x0000000003923859
Event: 5.838 Thread 0x0000000002dee000 Implicit null exception at 0x00000000038eb2a8 to 0x00000000038ec3a5
Event: 9.093 Thread 0x0000000002dee000 Implicit null exception at 0x0000000003a766a1 to 0x0000000003a778c5
Event: 9.141 Thread 0x0000000002dee000 Exception <a 'java/lang/ClassNotFoundException': com/sun/tools/javac/api/JavacTool> (0x00000000d8600668) thrown at [C:\re\workspace\8-2-build-windows-amd64-cygwin\jdk8u131\8869\hotspot\src\share\vm\classfile\systemDictionary.cpp, line 210]
Event: 11.723 Thread 0x0000000002dee000 Exception <a 'java/io/FileNotFoundException'> (0x00000000d74e7a40) thrown at [C:\re\workspace\8-2-build-windows-amd64-cygwin\jdk8u131\8869\hotspot\src\share\vm\prims\jni.cpp, line 709]
Event: 11.761 Thread 0x0000000002dee000 Exception <a 'java/io/FileNotFoundException'> (0x00000000d751c8e8) thrown at [C:\re\workspace\8-2-build-windows-amd64-cygwin\jdk8u131\8869\hotspot\src\share\vm\prims\jni.cpp, line 709]
Event: 13.201 Thread 0x0000000002dee000 Exception <a 'java/io/FileNotFoundException'> (0x00000000d8770868) thrown at [C:\re\workspace\8-2-build-windows-amd64-cygwin\jdk8u131\8869\hotspot\src\share\vm\prims\jni.cpp, line 709]
Event: 13.202 Thread 0x0000000002dee000 Exception <a 'java/io/FileNotFoundException'> (0x00000000d8771fd8) thrown at [C:\re\workspace\8-2-build-windows-amd64-cygwin\jdk8u131\8869\hotspot\src\share\vm\prims\jni.cpp, line 709]

Events (10 events):
Event: 19.784 loading class org/apache/maven/surefire/shade/org/apache/commons/io/input/ClosedInputStream
Event: 19.784 loading class org/apache/maven/surefire/shade/org/apache/commons/io/input/ClosedInputStream done
Event: 19.784 loading class java/io/SequenceInputStream
Event: 19.785 loading class java/io/SequenceInputStream done
Event: 19.785 loading class org/apache/maven/plugin/surefire/report/TestSetStats
Event: 19.785 loading class org/apache/maven/plugin/surefire/report/TestSetStats done
Event: 19.785 loading class org/apache/maven/plugin/surefire/report/TestSetStats
Event: 19.785 loading class org/apache/maven/plugin/surefire/report/TestSetStats done
Event: 19.785 loading class org/apache/maven/plugin/surefire/report/TestSetStats
Event: 19.785 loading class org/apache/maven/plugin/surefire/report/TestSetStats done


Dynamic libraries:
0x00007ff67c7c0000 - 0x00007ff67c7f7000 	D:\jdk1.8.0_131\jdk1.8.0_131\bin\java.exe
0x00007ffebb100000 - 0x00007ffebb2db000 	X:\windows\SYSTEM32\ntdll.dll
0x00007ffebabd0000 - 0x00007ffebac7e000 	X:\windows\System32\KERNEL32.DLL
0x00007ffeb8010000 - 0x00007ffeb8259000 	X:\windows\System32\KERNELBASE.dll
0x00007ffeba040000 - 0x00007ffeba0e1000 	X:\windows\System32\ADVAPI32.dll
0x00007ffebad70000 - 0x00007ffebae0d000 	X:\windows\System32\msvcrt.dll
0x00007ffeb9fe0000 - 0x00007ffeba039000 	X:\windows\System32\sechost.dll
0x00007ffebae10000 - 0x00007ffebaf35000 	X:\windows\System32\RPCRT4.dll
0x00007ffebaa80000 - 0x00007ffebabca000 	X:\windows\System32\USER32.dll
0x00007ffeb8590000 - 0x00007ffeb85ae000 	X:\windows\System32\win32u.dll
0x00007ffeb9e00000 - 0x00007ffeb9e27000 	X:\windows\System32\GDI32.dll
0x00007ffeb7620000 - 0x00007ffeb77a7000 	X:\windows\System32\gdi32full.dll
0x00007ffeb84f0000 - 0x00007ffeb858a000 	X:\windows\System32\msvcp_win.dll
0x00007ffeb7f10000 - 0x00007ffeb8006000 	X:\windows\System32\ucrtbase.dll
0x00007ffea7220000 - 0x00007ffea7487000 	X:\windows\WinSxS\amd64_microsoft.windows.common-controls_6595b64144ccf1df_6.0.15063.483_none_26002d27e7c744a2\COMCTL32.dll
0x00007ffeba640000 - 0x00007ffeba939000 	X:\windows\System32\combase.dll
0x00007ffeb8480000 - 0x00007ffeb84ea000 	X:\windows\System32\bcryptPrimitives.dll
0x00007ffeb9e40000 - 0x00007ffeb9e6d000 	X:\windows\System32\IMM32.DLL
0x00000000646f0000 - 0x00000000647c2000 	D:\jdk1.8.0_131\jdk1.8.0_131\jre\bin\msvcr100.dll
0x0000000063e50000 - 0x00000000646ec000 	D:\jdk1.8.0_131\jdk1.8.0_131\jre\bin\server\jvm.dll
0x00007ffeb9e30000 - 0x00007ffeb9e38000 	X:\windows\System32\PSAPI.DLL
0x00007ffea6590000 - 0x00007ffea6599000 	X:\windows\SYSTEM32\WSOCK32.dll
0x00007ffeb5770000 - 0x00007ffeb5793000 	X:\windows\SYSTEM32\WINMM.dll
0x00007ffeae070000 - 0x00007ffeae07a000 	X:\windows\SYSTEM32\VERSION.dll
0x00007ffebac80000 - 0x00007ffebacec000 	X:\windows\System32\WS2_32.dll
0x00007ffeb5620000 - 0x00007ffeb564b000 	X:\windows\SYSTEM32\winmmbase.dll
0x00007ffeb8260000 - 0x00007ffeb82a9000 	X:\windows\System32\cfgmgr32.dll
0x0000000063e40000 - 0x0000000063e4f000 	D:\jdk1.8.0_131\jdk1.8.0_131\jre\bin\verify.dll
0x0000000063e10000 - 0x0000000063e39000 	D:\jdk1.8.0_131\jdk1.8.0_131\jre\bin\java.dll
0x0000000063de0000 - 0x0000000063e03000 	D:\jdk1.8.0_131\jdk1.8.0_131\jre\bin\instrument.dll
0x0000000063dc0000 - 0x0000000063dd6000 	D:\jdk1.8.0_131\jdk1.8.0_131\jre\bin\zip.dll
0x00007ffeb89c0000 - 0x00007ffeb9df7000 	X:\windows\System32\SHELL32.dll
0x00007ffeba0f0000 - 0x00007ffeba19a000 	X:\windows\System32\shcore.dll
0x00007ffeb7810000 - 0x00007ffeb7f01000 	X:\windows\System32\windows.storage.dll
0x00007ffebaf40000 - 0x00007ffebaf91000 	X:\windows\System32\shlwapi.dll
0x00007ffeb7600000 - 0x00007ffeb7611000 	X:\windows\System32\kernel.appcore.dll
0x00007ffeb7590000 - 0x00007ffeb75dc000 	X:\windows\System32\powrprof.dll
0x00007ffeb7570000 - 0x00007ffeb7585000 	X:\windows\System32\profapi.dll
0x00007ffeb01b0000 - 0x00007ffeb01ca000 	D:\idea\IntelliJ IDEA 2017.1.1\bin\breakgen64.dll
0x0000000063da0000 - 0x0000000063dba000 	D:\jdk1.8.0_131\jdk1.8.0_131\jre\bin\net.dll
0x00007ffeb6e50000 - 0x00007ffeb6eac000 	X:\windows\system32\mswsock.dll
0x0000000063d80000 - 0x0000000063d91000 	D:\jdk1.8.0_131\jdk1.8.0_131\jre\bin\nio.dll
0x00007ffeb6ff0000 - 0x00007ffeb7007000 	X:\windows\SYSTEM32\CRYPTSP.dll
0x00007ffeb6a10000 - 0x00007ffeb6a44000 	X:\windows\system32\rsaenh.dll
0x00007ffeb7100000 - 0x00007ffeb7125000 	X:\windows\SYSTEM32\bcrypt.dll
0x00007ffeb74a0000 - 0x00007ffeb74c9000 	X:\windows\SYSTEM32\USERENV.dll
0x00007ffeb7010000 - 0x00007ffeb701b000 	X:\windows\SYSTEM32\CRYPTBASE.dll
0x00007ffeb6bf0000 - 0x00007ffeb6c27000 	X:\windows\SYSTEM32\IPHLPAPI.DLL
0x00007ffebafa0000 - 0x00007ffebafa8000 	X:\windows\System32\NSI.dll
0x00007ffeb1f60000 - 0x00007ffeb1f76000 	X:\windows\SYSTEM32\dhcpcsvc6.DLL
0x00007ffeb1980000 - 0x00007ffeb199a000 	X:\windows\SYSTEM32\dhcpcsvc.DLL

VM Arguments:
jvm_args: -Dmaven.multiModuleProjectDirectory=X:\Users\Loomis\Desktop\dubbo-provider -Dmaven.home=D:\idea\IntelliJ IDEA 2017.1.1\plugins\maven\lib\maven3 -Dclassworlds.conf=D:\idea\IntelliJ IDEA 2017.1.1\plugins\maven\lib\maven3\bin\m2.conf -javaagent:D:\idea\IntelliJ IDEA 2017.1.1\lib\idea_rt.jar=58239:D:\idea\IntelliJ IDEA 2017.1.1\bin -Dfile.encoding=UTF-8 
java_command: org.codehaus.classworlds.Launcher -Didea.version=2017.1.1 clean package
java_class_path (initial): D:\idea\IntelliJ IDEA 2017.1.1\plugins\maven\lib\maven3\boot\plexus-classworlds-2.5.2.jar;D:\idea\IntelliJ IDEA 2017.1.1\lib\idea_rt.jar
Launcher Type: SUN_STANDARD

Environment Variables:
JAVA_HOME=X:\Java\jdk1.8.0_131
CLASSPATH=".;X:\Java\jdk1.8.0_131\lib\dt.jar;X:\Java\jdk1.8.0_131\lib\tools.jar;";C:\ojdbc14.jar;C:\mysql-connector-java.jar;
PATH="X:\Java\jdk1.8.0_131\bin;X:\Java\jdk1.8.0_131\jre\bin";X:\ProgramData\Oracle\Java\javapath;D:\oracle\product\11.2.0\dbhome_1\bin;X:\windows\system32;X:\windows;X:\windows\System32\Wbem;X:\windows\System32\WindowsPowerShell\v1.0\;X:\Program Files\TortoiseSVN\bin;X:\Program Files\MySQL\MySQL Utilities 1.6\;x:\Program Files\Git\cmd;D:\tools\apache-ant-1.9.7\apache-ant-1.9.7\bin;D:\Loomis\apache-maven-3.5.0\BIN;X:\Program Files\TortoiseGit\bin;X:\Program Files (x86)\Subversion\bin;x:\Program Files\VanDyke Software\Clients\;x:\Program Files (x86)\CSPClient;X:\Users\Loomis\AppData\Local\Microsoft\WindowsApps;;X:\Users\Loomis\AppData\Local\Programs\Fiddler
USERNAME=Loomis
OS=Windows_NT
PROCESSOR_IDENTIFIER=Intel64 Family 6 Model 61 Stepping 4, GenuineIntel



---------------  S Y S T E M  ---------------

OS: Windows 10.0 , 64 bit Build 15063 (10.0.15063.296)

CPU:total 4 (initial active 4) (2 cores per cpu, 2 threads per core) family 6 model 61 stepping 4, cmov, cx8, fxsr, mmx, sse, sse2, sse3, ssse3, sse4.1, sse4.2, popcnt, avx, avx2, aes, clmul, erms, rtm, 3dnowpref, lzcnt, ht, tsc, tscinvbit, bmi1, bmi2, adx

Memory: 4k page, physical 8116404k(1415232k free), swap 14670000k(5160k free)

vm_info: Java HotSpot(TM) 64-Bit Server VM (25.131-b11) for windows-amd64 JRE (1.8.0_131-b11), built on Mar 15 2017 01:23:53 by "java_re" with MS VC++ 10.0 (VS2010)

time: Wed Apr 04 17:14:07 2018
elapsed time: 19 seconds (0d 0h 0m 19s)

